[debug] [2023-07-20T07:27:06.585Z] ----------------------------------------------------------------------
[debug] [2023-07-20T07:27:06.588Z] Command:       C:\Program Files\nodejs\node.exe C:\Users\Sri Ranjini kavita\AppData\Roaming\npm\node_modules\firebase-tools\lib\bin\firebase.js init
[debug] [2023-07-20T07:27:06.589Z] CLI Version:   12.4.4
[debug] [2023-07-20T07:27:06.589Z] Platform:      win32
[debug] [2023-07-20T07:27:06.589Z] Node Version:  v18.16.0
[debug] [2023-07-20T07:27:06.590Z] Time:          Thu Jul 20 2023 12:57:06 GMT+0530 (India Standard Time)
[debug] [2023-07-20T07:27:06.590Z] ----------------------------------------------------------------------
[debug] 
[debug] [2023-07-20T07:27:06.598Z] > command requires scopes: ["email","openid","https://www.googleapis.com/auth/cloudplatformprojects.readonly","https://www.googleapis.com/auth/firebase","https://www.googleapis.com/auth/cloud-platform"]
[debug] [2023-07-20T07:27:06.599Z] > authorizing via signed-in user (sriranjiniks583104@gmail.com)
[info] 
     ######## #### ########  ######## ########     ###     ######  ########
     ##        ##  ##     ## ##       ##     ##  ##   ##  ##       ##
     ######    ##  ########  ######   ########  #########  ######  ######
     ##        ##  ##    ##  ##       ##     ## ##     ##       ## ##
     ##       #### ##     ## ######## ########  ##     ##  ######  ########

You're about to initialize a Firebase project in this directory:

  C:\Users\Sri Ranjini kavita\OneDrive\Desktop\projects\Real-time-chat\superchat

[info] 
=== Project Setup
[info] 
[info] First, let's associate this project directory with a Firebase project.
[info] You can create multiple project aliases by running firebase use --add, 
[info] but for now we'll just set up a default project.
[info] 
[debug] [2023-07-20T07:27:27.464Z] >>> [apiv2][query] GET https://firebase.googleapis.com/v1beta1/projects pageSize=100
[debug] [2023-07-20T07:27:28.812Z] <<< [apiv2][status] GET https://firebase.googleapis.com/v1beta1/projects 200
[debug] [2023-07-20T07:27:28.812Z] <<< [apiv2][body] GET https://firebase.googleapis.com/v1beta1/projects [omitted]
[info] i  Using project my-first-project-e5dcf (My-first-project) 
[info] 
=== Database Setup
[info] i  database: ensuring required API firebasedatabase.googleapis.com is enabled... 
[debug] [2023-07-20T07:27:31.161Z] >>> [apiv2][query] GET https://serviceusage.googleapis.com/v1/projects/my-first-project-e5dcf/services/firebasedatabase.googleapis.com [none]
[debug] [2023-07-20T07:27:31.161Z] >>> [apiv2][(partial)header] GET https://serviceusage.googleapis.com/v1/projects/my-first-project-e5dcf/services/firebasedatabase.googleapis.com x-goog-quota-user=projects/my-first-project-e5dcf
[debug] [2023-07-20T07:27:33.323Z] <<< [apiv2][status] GET https://serviceusage.googleapis.com/v1/projects/my-first-project-e5dcf/services/firebasedatabase.googleapis.com 200
[debug] [2023-07-20T07:27:33.323Z] <<< [apiv2][body] GET https://serviceusage.googleapis.com/v1/projects/my-first-project-e5dcf/services/firebasedatabase.googleapis.com [omitted]
[warn] !  database: missing required API firebasedatabase.googleapis.com. Enabling now... 
[debug] [2023-07-20T07:27:33.325Z] >>> [apiv2][query] POST https://serviceusage.googleapis.com/v1/projects/my-first-project-e5dcf/services/firebasedatabase.googleapis.com:enable [none]
[debug] [2023-07-20T07:27:33.325Z] >>> [apiv2][(partial)header] POST https://serviceusage.googleapis.com/v1/projects/my-first-project-e5dcf/services/firebasedatabase.googleapis.com:enable x-goog-quota-user=projects/my-first-project-e5dcf
[debug] [2023-07-20T07:27:35.258Z] <<< [apiv2][status] POST https://serviceusage.googleapis.com/v1/projects/my-first-project-e5dcf/services/firebasedatabase.googleapis.com:enable 200
[debug] [2023-07-20T07:27:35.259Z] <<< [apiv2][body] POST https://serviceusage.googleapis.com/v1/projects/my-first-project-e5dcf/services/firebasedatabase.googleapis.com:enable [omitted]
[debug] [2023-07-20T07:27:45.261Z] >>> [apiv2][query] GET https://serviceusage.googleapis.com/v1/projects/my-first-project-e5dcf/services/firebasedatabase.googleapis.com [none]
[debug] [2023-07-20T07:27:45.262Z] >>> [apiv2][(partial)header] GET https://serviceusage.googleapis.com/v1/projects/my-first-project-e5dcf/services/firebasedatabase.googleapis.com x-goog-quota-user=projects/my-first-project-e5dcf
